[    0.000000] Linux version 4.15.0-212-generic (buildd@lcy02-amd64-083) (gcc version 7.5.0 (Ubuntu 7.5.0-3ubuntu1~18.04)) #223-Ubuntu SMP Tue May 23 13:09:22 UTC 2023 (Ubuntu 4.15.0-212.223-generic 4.15.18)
[    0.000000] Command line: BOOT_IMAGE=/boot/vmlinuz-4.15.0-212-generic root=UUID=f685bb41-0e3b-40c4-89c1-eea0f0583525 ro console=tty1 console=ttyS0
[    0.000000] KERNEL supported cpus:
[    0.000000]   Intel GenuineIntel
[    0.000000]   AMD AuthenticAMD
[    0.000000]   Centaur CentaurHauls
[    0.000000] x86/fpu: x87 FPU will use FXSAVE
[    0.000000] e820: BIOS-provided physical RAM map:
[    0.000000] BIOS-e820: [mem 0x0000000000000000-0x000000000009fbff] usable
[    0.000000] BIOS-e820: [mem 0x000000000009fc00-0x000000000009ffff] reserved
[    0.000000] BIOS-e820: [mem 0x00000000000f0000-0x00000000000fffff] reserved
[    0.000000] BIOS-e820: [mem 0x0000000000100000-0x00000000dffeffff] usable
[    0.000000] BIOS-e820: [mem 0x00000000dfff0000-0x00000000dfffffff] ACPI data
[    0.000000] BIOS-e820: [mem 0x00000000fec00000-0x00000000fec00fff] reserved
[    0.000000] BIOS-e820: [mem 0x00000000fee00000-0x00000000fee00fff] reserved
[    0.000000] BIOS-e820: [mem 0x00000000fffc0000-0x00000000ffffffff] reserved
[    0.000000] BIOS-e820: [mem 0x0000000100000000-0x000000011fffffff] usable
[    0.000000] NX (Execute Disable) protection: active
[    0.000000] SMBIOS 2.5 present.
[    0.000000] DMI: innotek GmbH VirtualBox/VirtualBox, BIOS VirtualBox 12/01/2006
[    0.000000] Hypervisor detected: KVM
[    0.000000] e820: last_pfn = 0x120000 max_arch_pfn = 0x400000000
[    0.000000] MTRR: Disabled
[    0.000000] x86/PAT: MTRRs disabled, skipping PAT initialization too.
[    0.000000] CPU MTRRs all blank - virtualized system.
[    0.000000] x86/PAT: Configuration [0-7]: WB  WT  UC- UC  WB  WT  UC- UC  
[    0.000000] e820: last_pfn = 0xdfff0 max_arch_pfn = 0x400000000
[    0.000000] found SMP MP-table at [mem 0x0009fff0-0x0009ffff]
[    0.000000] Scanning 1 areas for low memory corruption
[    0.000000] RAMDISK: [mem 0x35071000-0x3682ffff]
[    0.000000] ACPI: Early table checksum verification disabled
[    0.000000] ACPI: RSDP 0x00000000000E0000 000024 (v02 VBOX  )
[    0.000000] ACPI: XSDT 0x00000000DFFF0030 00003C (v01 VBOX   VBOXXSDT 00000001 ASL  00000061)
[    0.000000] ACPI: FACP 0x00000000DFFF00F0 0000F4 (v04 VBOX   VBOXFACP 00000001 ASL  00000061)
[    0.000000] ACPI: DSDT 0x00000000DFFF0610 002353 (v02 VBOX   VBOXBIOS 00000002 INTL 20100528)
[    0.000000] ACPI: FACS 0x00000000DFFF0200 000040
[    0.000000] ACPI: FACS 0x00000000DFFF0200 000040
[    0.000000] ACPI: APIC 0x00000000DFFF0240 00005C (v02 VBOX   VBOXAPIC 00000001 ASL  00000061)
[    0.000000] ACPI: SSDT 0x00000000DFFF02A0 00036C (v01 VBOX   VBOXCPUT 00000002 INTL 20100528)
[    0.000000] ACPI: Reserving FACP table memory at [mem 0xdfff00f0-0xdfff01e3]
[    0.000000] ACPI: Reserving DSDT table memory at [mem 0xdfff0610-0xdfff2962]
[    0.000000] ACPI: Reserving FACS table memory at [mem 0xdfff0200-0xdfff023f]
[    0.000000] ACPI: Reserving FACS table memory at [mem 0xdfff0200-0xdfff023f]
[    0.000000] ACPI: Reserving APIC table memory at [mem 0xdfff0240-0xdfff029b]
[    0.000000] ACPI: Reserving SSDT table memory at [mem 0xdfff02a0-0xdfff060b]
[    0.000000] No NUMA configuration found
[    0.000000] Faking a node at [mem 0x0000000000000000-0x000000011fffffff]
[    0.000000] NODE_DATA(0) allocated [mem 0x11ffd1000-0x11fffbfff]
[    0.000000] kvm-clock: cpu 0, msr 1:1ff50001, primary cpu clock
[    0.000000] kvm-clock: Using msrs 4b564d01 and 4b564d00
[    0.000000] kvm-clock: using sched offset of 5739263284 cycles
[    0.000000] clocksource: kvm-clock: mask: 0xffffffffffffffff max_cycles: 0x1cd42e4dffb, max_idle_ns: 881590591483 ns
[    0.000000] Zone ranges:
[    0.000000]   DMA      [mem 0x0000000000001000-0x0000000000ffffff]
[    0.000000]   DMA32    [mem 0x0000000001000000-0x00000000ffffffff]
[    0.000000]   Normal   [mem 0x0000000100000000-0x000000011fffffff]
[    0.000000]   Device   empty
[    0.000000] Movable zone start for each node
[    0.000000] Early memory node ranges
[    0.000000]   node   0: [mem 0x0000000000001000-0x000000000009efff]
[    0.000000]   node   0: [mem 0x0000000000100000-0x00000000dffeffff]
[    0.000000]   node   0: [mem 0x0000000100000000-0x000000011fffffff]
[    0.000000] Reserved but unavailable: 104 pages
[    0.000000] Initmem setup node 0 [mem 0x0000000000001000-0x000000011fffffff]
[    0.000000] ACPI: PM-Timer IO Port: 0x4008
[    0.000000] IOAPIC[0]: apic_id 2, version 32, address 0xfec00000, GSI 0-23
[    0.000000] ACPI: INT_SRC_OVR (bus 0 bus_irq 0 global_irq 2 dfl dfl)
[    0.000000] ACPI: INT_SRC_OVR (bus 0 bus_irq 9 global_irq 9 low level)
[    0.000000] Using ACPI (MADT) for SMP configuration information
[    0.000000] smpboot: Allowing 2 CPUs, 0 hotplug CPUs
[    0.000000] PM: Registered nosave memory: [mem 0x00000000-0x00000fff]
[    0.000000] PM: Registered nosave memory: [mem 0x0009f000-0x0009ffff]
[    0.000000] PM: Registered nosave memory: [mem 0x000a0000-0x000effff]
[    0.000000] PM: Registered nosave memory: [mem 0x000f0000-0x000fffff]
[    0.000000] PM: Registered nosave memory: [mem 0xdfff0000-0xdfffffff]
[    0.000000] PM: Registered nosave memory: [mem 0xe0000000-0xfebfffff]
[    0.000000] PM: Registered nosave memory: [mem 0xfec00000-0xfec00fff]
[    0.000000] PM: Registered nosave memory: [mem 0xfec01000-0xfedfffff]
[    0.000000] PM: Registered nosave memory: [mem 0xfee00000-0xfee00fff]
[    0.000000] PM: Registered nosave memory: [mem 0xfee01000-0xfffbffff]
[    0.000000] PM: Registered nosave memory: [mem 0xfffc0000-0xffffffff]
[    0.000000] e820: [mem 0xe0000000-0xfebfffff] available for PCI devices
[    0.000000] Booting paravirtualized kernel on KVM
[    0.000000] clocksource: refined-jiffies: mask: 0xffffffff max_cycles: 0xffffffff, max_idle_ns: 7645519600211568 ns
[    0.000000] setup_percpu: NR_CPUS:8192 nr_cpumask_bits:2 nr_cpu_ids:2 nr_node_ids:1
[    0.000000] percpu: Embedded 50 pages/cpu s167936 r8192 d28672 u1048576
[    0.000000] PV qspinlock hash table entries: 256 (order: 0, 4096 bytes)
[    0.000000] Built 1 zonelists, mobility grouping on.  Total pages: 1032057
[    0.000000] Policy zone: Normal
[    0.000000] Kernel command line: BOOT_IMAGE=/boot/vmlinuz-4.15.0-212-generic root=UUID=f685bb41-0e3b-40c4-89c1-eea0f0583525 ro console=tty1 console=ttyS0
[    0.000000] Memory: 4008464K/4193848K available (12300K kernel code, 2477K rwdata, 4324K rodata, 2480K init, 2720K bss, 185384K reserved, 0K cma-reserved)
[    0.000000] SLUB: HWalign=64, Order=0-3, MinObjects=0, CPUs=2, Nodes=1
[    0.000000] ftrace: allocating 39508 entries in 155 pages
[    0.004000] Hierarchical RCU implementation.
[    0.004000] 	RCU restricting CPUs from NR_CPUS=8192 to nr_cpu_ids=2.
[    0.004000] 	Tasks RCU enabled.
[    0.004000] RCU: Adjusting geometry for rcu_fanout_leaf=16, nr_cpu_ids=2
[    0.004000] NR_IRQS: 524544, nr_irqs: 440, preallocated irqs: 16
[    0.004000] random: crng init done
[    0.004000] Console: colour VGA+ 80x25
[    0.004000] console [tty1] enabled
[    0.004000] console [ttyS0] enabled
[    0.004000] ACPI: Core revision 20170831
[    0.004000] ACPI: 2 ACPI AML tables successfully acquired and loaded
[    0.004000] APIC: Switch to symmetric I/O mode setup
[    0.004000] ..TIMER: vector=0x30 apic1=0 pin1=2 apic2=-1 pin2=-1
[    0.004010] tsc: Detected 2188.808 MHz processor
[    0.008019] Calibrating delay loop (skipped) preset value.. 4377.61 BogoMIPS (lpj=8755232)
[    0.012011] pid_max: default: 32768 minimum: 301
[    0.016170] Security Framework initialized
[    0.020007] Yama: becoming mindful.
[    0.024239] AppArmor: AppArmor initialized
[    0.073536] Dentry cache hash table entries: 524288 (order: 10, 4194304 bytes)
[    0.096481] Inode-cache hash table entries: 262144 (order: 9, 2097152 bytes)
[    0.104233] Mount-cache hash table entries: 8192 (order: 4, 65536 bytes)
[    0.108613] Mountpoint-cache hash table entries: 8192 (order: 4, 65536 bytes)
[    0.118791] Last level iTLB entries: 4KB 0, 2MB 0, 4MB 0
[    0.120009] Last level dTLB entries: 4KB 0, 2MB 0, 4MB 0, 1GB 0
[    0.124012] Spectre V1 : Mitigation: usercopy/swapgs barriers and __user pointer sanitization
[    0.128010] Spectre V2 : Mitigation: Enhanced IBRS
[    0.132008] Spectre V2 : Spectre v2 / SpectreRSB mitigation: Filling RSB on context switch
[    0.136009] Spectre V2 : Spectre v2 / PBRSB-eIBRS: Retire a single CALL on VMEXIT
[    0.140009] RETBleed: Mitigation: Enhanced IBRS
[    0.144042] Speculative Store Bypass: Vulnerable
[    0.148289] Freeing SMP alternatives memory: 36K
[    0.276000] smpboot: CPU0: 13th Gen Intel(R) Core(TM) i7-1370P (family: 0x6, model: 0xba, stepping: 0x2)
[    0.276000] Performance Events: unsupported p6 CPU model 186 no PMU driver, software events only.
[    0.276346] Hierarchical SRCU implementation.
[    0.281613] NMI watchdog: Perf event create on CPU 0 failed with -2
[    0.284010] NMI watchdog: Perf NMI watchdog permanently disabled
[    0.292776] smp: Bringing up secondary CPUs ...
[    0.300485] x86: Booting SMP configuration:
[    0.304011] .... node  #0, CPUs:      #1
[    0.004000] kvm-clock: cpu 1, msr 1:1ff50041, secondary cpu clock
[    0.339977] TSC synchronization [CPU#0 -> CPU#1]:
[    0.340000] Measured 114509 cycles TSC warp between CPUs, turning off TSC clock.
[    0.340000] tsc: Marking TSC unstable due to check_tsc_sync_source failed
[    0.356213] smp: Brought up 1 node, 2 CPUs
[    0.360016] smpboot: Max logical packages: 1
[    0.364014] smpboot: Total of 2 processors activated (8755.23 BogoMIPS)
[    0.376208] devtmpfs: initialized
[    0.384617] x86/mm: Memory block size: 128MB
[    0.397931] evm: security.selinux
[    0.404012] evm: security.SMACK64
[    0.408009] evm: security.SMACK64EXEC
[    0.416008] evm: security.SMACK64TRANSMUTE
[    0.420011] evm: security.SMACK64MMAP
[    0.424010] evm: security.apparmor
[    0.428010] evm: security.ima
[    0.432013] evm: security.capability
[    0.444532] clocksource: jiffies: mask: 0xffffffff max_cycles: 0xffffffff, max_idle_ns: 7645041785100000 ns
[    0.484038] futex hash table entries: 512 (order: 3, 32768 bytes)
[    0.504588] pinctrl core: initialized pinctrl subsystem
[    0.529886] RTC time:  4:57:24, date: 07/03/24
[    0.558664] NET: Registered protocol family 16
[    0.584801] audit: initializing netlink subsys (disabled)
[    0.613205] audit: type=2000 audit(1719982651.569:1): state=initialized audit_enabled=0 res=1
[    0.644039] cpuidle: using governor ladder
[    0.664840] cpuidle: using governor menu
[    0.668307] ACPI: bus type PCI registered
[    0.672012] acpiphp: ACPI Hot Plug PCI Controller Driver version: 0.5
[    0.680010] PCI: Using configuration type 1 for base access
[    0.696622] HugeTLB registered 2.00 MiB page size, pre-allocated 0 pages
[    0.712296] ACPI: Added _OSI(Module Device)
[    0.716009] ACPI: Added _OSI(Processor Device)
[    0.720010] ACPI: Added _OSI(3.0 _SCP Extensions)
[    0.724008] ACPI: Added _OSI(Processor Aggregator Device)
[    0.728017] ACPI: Added _OSI(Linux-Dell-Video)
[    0.732013] ACPI: Added _OSI(Linux-Lenovo-NV-HDMI-Audio)
[    0.736012] ACPI: Added _OSI(Linux-HPI-Hybrid-Graphics)
[    0.742149] ACPI: Executed 1 blocks of module-level executable AML code
[    0.756000] ACPI: Interpreter enabled
[    0.756063] ACPI: (supports S0 S5)
[    0.760010] ACPI: Using IOAPIC for interrupt routing
[    0.764915] PCI: Using host bridge windows from ACPI; if necessary, use "pci=nocrs" and report a bug
[    0.768591] ACPI: Enabled 2 GPEs in block 00 to 07
[    0.801189] ACPI: PCI Root Bridge [PCI0] (domain 0000 [bus 00-ff])
[    0.804024] acpi PNP0A03:00: _OSC: OS supports [ASPM ClockPM Segments MSI]
[    0.812880] acpi PNP0A03:00: _OSC: not requesting OS control; OS requires [ExtendedConfig ASPM ClockPM MSI]
[    0.816033] acpi PNP0A03:00: fail to add MMCONFIG information, can't access extended PCI configuration space under this bridge.
[    0.824948] PCI host bridge to bus 0000:00
[    0.828017] pci_bus 0000:00: root bus resource [io  0x0000-0x0cf7 window]
[    0.832012] pci_bus 0000:00: root bus resource [io  0x0d00-0xffff window]
[    0.836011] pci_bus 0000:00: root bus resource [mem 0x000a0000-0x000bffff window]
[    0.840013] pci_bus 0000:00: root bus resource [mem 0xe0000000-0xfdffffff window]
[    0.844012] pci_bus 0000:00: root bus resource [bus 00-ff]
[    0.865524] pci 0000:00:01.1: legacy IDE quirk: reg 0x10: [io  0x01f0-0x01f7]
[    0.868009] pci 0000:00:01.1: legacy IDE quirk: reg 0x14: [io  0x03f6]
[    0.872010] pci 0000:00:01.1: legacy IDE quirk: reg 0x18: [io  0x0170-0x0177]
[    0.876010] pci 0000:00:01.1: legacy IDE quirk: reg 0x1c: [io  0x0376]
[    0.932993] pci 0000:00:07.0: quirk: [io  0x4000-0x403f] claimed by PIIX4 ACPI
[    0.936099] pci 0000:00:07.0: quirk: [io  0x4100-0x410f] claimed by PIIX4 SMB
[    0.961466] ACPI: PCI Interrupt Link [LNKA] (IRQs 5 9 10 *11)
[    0.965299] ACPI: PCI Interrupt Link [LNKB] (IRQs 5 9 *10 11)
[    0.968572] ACPI: PCI Interrupt Link [LNKC] (IRQs 5 *9 10 11)
[    0.972508] ACPI: PCI Interrupt Link [LNKD] (IRQs 5 9 10 *11)
[    0.977428] SCSI subsystem initialized
[    0.984371] pci 0000:00:02.0: vgaarb: setting as boot VGA device
[    0.988000] pci 0000:00:02.0: vgaarb: VGA device added: decodes=io+mem,owns=io+mem,locks=none
[    0.988014] pci 0000:00:02.0: vgaarb: bridge control possible
[    0.996012] vgaarb: loaded
[    1.000359] ACPI: bus type USB registered
[    1.004040] usbcore: registered new interface driver usbfs
[    1.008038] usbcore: registered new interface driver hub
[    1.012129] usbcore: registered new device driver usb
[    1.017013] EDAC MC: Ver: 3.0.0
[    1.024857] PCI: Using ACPI for IRQ routing
[    1.033476] NetLabel: Initializing
[    1.036006] NetLabel:  domain hash size = 128
[    1.040005] NetLabel:  protocols = UNLABELED CIPSOv4 CALIPSO
[    1.044381] NetLabel:  unlabeled traffic allowed by default
[    1.052429] clocksource: Switched to clocksource kvm-clock
[    1.088200] VFS: Disk quotas dquot_6.6.0
[    1.088200] VFS: Dquot-cache hash table entries: 512 (order 0, 4096 bytes)
[    1.088200] AppArmor: AppArmor Filesystem Enabled
[    1.088200] pnp: PnP ACPI init
[    1.088200] pnp: PnP ACPI: found 3 devices
[    1.322487] clocksource: acpi_pm: mask: 0xffffff max_cycles: 0xffffff, max_idle_ns: 2085701024 ns
[    1.324485] NET: Registered protocol family 2
[    1.324485] IP idents hash table entries: 65536 (order: 7, 524288 bytes)
[    1.382640] TCP established hash table entries: 32768 (order: 6, 262144 bytes)
[    1.403803] TCP bind hash table entries: 32768 (order: 7, 524288 bytes)
[    1.430152] TCP: Hash tables configured (established 32768 bind 32768)
[    1.450235] UDP hash table entries: 2048 (order: 4, 65536 bytes)
[    1.467682] UDP-Lite hash table entries: 2048 (order: 4, 65536 bytes)
[    1.485570] NET: Registered protocol family 1
[    1.499064] pci 0000:00:00.0: Limiting direct PCI/PCI transfers
[    1.515134] pci 0000:00:01.0: Activating ISA DMA hang workarounds
[    1.531035] pci 0000:00:02.0: Video device with shadowed ROM at [mem 0x000c0000-0x000dffff]
[    1.553352] Unpacking initramfs...
[    3.188068] Freeing initrd memory: 24316K
[    3.204129] PCI-DMA: Using software bounce buffering for IO (SWIOTLB)
[    3.220547] software IO TLB: mapped [mem 0xdbff0000-0xdfff0000] (64MB)
[    3.236487] clocksource: tsc: mask: 0xffffffffffffffff max_cycles: 0x1f8ce628318, max_idle_ns: 440795214932 ns
[    3.260562] platform rtc_cmos: registered platform RTC device (no PNP device found)
[    3.278179] Scanning for low memory corruption every 60 seconds
[    3.296688] Initialise system trusted keyrings
[    3.308515] Key type blacklist registered
[    3.320718] workingset: timestamp_bits=36 max_order=20 bucket_order=0
[    3.342666] zbud: loaded
[    3.353454] squashfs: version 4.0 (2009/01/31) Phillip Lougher
[    3.369995] fuse init (API version 7.26)
[    3.461352] Key type asymmetric registered
[    3.474887] Asymmetric key parser 'x509' registered
[    3.490282] Block layer SCSI generic (bsg) driver version 0.4 loaded (major 246)
[    3.511983] io scheduler noop registered
[    3.524024] io scheduler deadline registered
[    3.537385] io scheduler cfq registered (default)
[    3.554106] ACPI: AC Adapter [AC] (on-line)
[    3.566180] input: Power Button as /devices/LNXSYSTM:00/LNXPWRBN:00/input/input0
[    3.586558] ACPI: Power Button [PWRF]
[    3.596611] input: Sleep Button as /devices/LNXSYSTM:00/LNXSLPBN:00/input/input1
[    3.614745] ACPI: Sleep Button [SLPF]
[    3.629356] Serial: 8250/16550 driver, 32 ports, IRQ sharing enabled
[    3.649321] ACPI: Battery Slot [BAT0] (battery present)
[    3.699110] 00:02: ttyS0 at I/O 0x3f8 (irq = 4, base_baud = 115200) is a 16550A
[    3.753130] Linux agpgart interface v0.103
[    3.785477] loop: module loaded
[    3.799701] scsi host0: ata_piix
[    3.811070] scsi host1: ata_piix
[    3.819014] ata1: PATA max UDMA/33 cmd 0x1f0 ctl 0x3f6 bmdma 0xd000 irq 14
[    3.834200] ata2: PATA max UDMA/33 cmd 0x170 ctl 0x376 bmdma 0xd008 irq 15
[    3.850363] tun: Universal TUN/TAP device driver, 1.6
[    3.864906] PPP generic driver version 2.4.2
[    3.874536] ehci_hcd: USB 2.0 'Enhanced' Host Controller (EHCI) Driver
[    3.887837] ehci-pci: EHCI PCI platform driver
[    3.897287] ehci-platform: EHCI generic platform driver
[    3.907922] ohci_hcd: USB 1.1 'Open' Host Controller (OHCI) Driver
[    3.920467] ohci-pci: OHCI PCI platform driver
[    3.929683] ohci-platform: OHCI generic platform driver
[    3.940998] uhci_hcd: USB Universal Host Controller Interface driver
[    3.954072] i8042: PNP: PS/2 Controller [PNP0303:PS2K,PNP0f03:PS2M] at 0x60,0x64 irq 1,12
[    3.977509] serio: i8042 KBD port at 0x60,0x64 irq 1
[    3.988900] serio: i8042 AUX port at 0x60,0x64 irq 12
[    4.000876] mousedev: PS/2 mouse device common for all mice
[    4.018250] rtc_cmos rtc_cmos: rtc core: registered rtc_cmos as rtc0
[    4.034004] rtc_cmos rtc_cmos: alarms up to one day, 114 bytes nvram
[    4.049780] i2c /dev entries driver
[    4.057730] device-mapper: uevent: version 1.0.3
[    4.068817] device-mapper: ioctl: 4.37.0-ioctl (2017-09-20) initialised: dm-devel@redhat.com
[    4.138508] ledtrig-cpu: registered to indicate activity on CPUs
[    4.154090] input: AT Translated Set 2 keyboard as /devices/platform/i8042/serio0/input/input2
[    4.175734] NET: Registered protocol family 10
[    4.211432] Segment Routing with IPv6
[    4.220816] NET: Registered protocol family 17
[    4.233938] Key type dns_resolver registered
[    4.248505] mce: Using 0 MCE banks
[    4.258241] RAS: Correctable Errors collector initialized.
[    4.271102] sched_clock: Marking stable (4270961925, 0)->(8475283371, -4204321446)
[    4.300990] registered taskstats version 1
[    4.311180] Loading compiled-in X.509 certificates
[    4.332772] Loaded X.509 cert 'Build time autogenerated kernel key: b5b26778eaa3ab3a4a6cee031137706e947d12ad'
[    4.358581] Loaded X.509 cert 'Canonical Ltd. Live Patch Signing: 14df34d1a87cf37625abec039ef2bf521249b969'
[    4.422968] Loaded X.509 cert 'Canonical Ltd. Kernel Module Signing: 88f752e560a1e0737e31163a466ad7b70a850c19'
[    4.449849] blacklist: Loading compiled-in revocation X.509 certificates
[    4.468619] Loaded X.509 cert 'Canonical Ltd. Secure Boot Signing: 61482aa2830d0ab2ad5af10b7250da9033ddcef0'
[    4.494462] Loaded X.509 cert 'Canonical Ltd. Secure Boot Signing (2017): 242ade75ac4a15e50d50c84b0d45ff3eae707a03'
[    4.520517] Loaded X.509 cert 'Canonical Ltd. Secure Boot Signing (ESM 2018): 365188c1d374d6b07c3c8f240f8ef722433d6a8b'
[    4.545999] Loaded X.509 cert 'Canonical Ltd. Secure Boot Signing (2019): c0746fd6c5da3ae827864651ad66ae47fe24b3e8'
[    4.572503] Loaded X.509 cert 'Canonical Ltd. Secure Boot Signing (2021 v1): a8d54bbb3825cfb94fa13c9f8a594a195c107b8d'
[    4.601117] Loaded X.509 cert 'Canonical Ltd. Secure Boot Signing (2021 v2): 4cf046892d6fd3c9a5b03f98d845f90851dc6a8c'
[    4.629761] Loaded X.509 cert 'Canonical Ltd. Secure Boot Signing (2021 v3): 100437bb6de6e469b581e61cd66bce3ef4ed53af'
[    4.656819] Loaded X.509 cert 'Canonical Ltd. Secure Boot Signing (Ubuntu Core 2019): c1d57b8f6b743f23ee41f4f7ee292f06eecadfb9'
[    4.685364] zswap: loaded using pool lzo/zbud
[    4.728515] Key type big_key registered
[    4.738921] Key type trusted registered
[    4.758389] Key type encrypted registered
[    4.769172] AppArmor: AppArmor sha1 policy hashing enabled
[    4.783552] ima: No TPM chip found, activating TPM-bypass! (rc=-19)
[    4.804433] ima: Allocated hash algorithm: sha1
[    4.826494] evm: HMAC attrs: 0x1
[    4.842446]   Magic number: 0:96:969
[    4.859982] rtc_cmos rtc_cmos: setting system clock to 2024-07-03 04:57:29 UTC (1719982649)
[    4.890602] BIOS EDD facility v0.16 2004-Jun-25, 0 devices found
[    4.911414] EDD information not available.
[    4.940242] Freeing unused kernel image memory: 2480K
[    4.996403] Write protecting the kernel read-only data: 20480k
[    5.018656] Freeing unused kernel image memory: 2008K
[    5.034671] Freeing unused kernel image memory: 1820K
[    5.067077] x86/mm: Checked W+X mappings: passed, no W+X pages found.
Loading, please wait...
starting version 237
[    5.425758] e1000: Intel(R) PRO/1000 Network Driver - version 7.3.21-k8-NAPI
[    5.447852] e1000: Copyright (c) 1999-2006 Intel Corporation.
[    5.525481] Fusion MPT base driver 3.04.20
[    5.538379] Copyright (c) 1999-2008 LSI Corporation
[    5.666741] SSE version of gcm_enc/dec engaged.
[    5.680795] Fusion MPT SPI Host driver 3.04.20
[    5.910311] input: ImExPS/2 Generic Explorer Mouse as /devices/platform/i8042/serio1/input/input4
[    6.989201] e1000 0000:00:03.0 eth0: (PCI:33MHz:32-bit) 02:3b:7b:b7:3b:2d
[    7.004462] e1000 0000:00:03.0 eth0: Intel(R) PRO/1000 Network Connection
[    7.025758] mptbase: ioc0: Initiating bringup
[    7.027354] e1000 0000:00:03.0 enp0s3: renamed from eth0
[    8.026588] ioc0: LSI53C1030 A0: Capabilities={Initiator}
[    8.541616] scsi host2: ioc0: LSI53C1030 A0, FwRev=00000000h, Ports=1, MaxQ=256, IRQ=20
[    9.501627] scsi 2:0:0:0: Direct-Access     VBOX     HARDDISK         1.0  PQ: 0 ANSI: 5
[    9.550825] scsi target2:0:0: Beginning Domain Validation
[    9.573116] scsi target2:0:0: Domain Validation skipping write tests
[    9.586179] scsi target2:0:0: Ending Domain Validation
[    9.599413] scsi target2:0:0: asynchronous
[    9.613342] scsi 2:0:1:0: Direct-Access     VBOX     HARDDISK         1.0  PQ: 0 ANSI: 5
[   10.740937] scsi target2:0:1: Beginning Domain Validation
[   10.763879] scsi target2:0:1: Domain Validation skipping write tests
[   10.777137] scsi target2:0:1: Ending Domain Validation
[   10.788988] scsi target2:0:1: asynchronous
[   10.824934] sd 2:0:0:0: [sda] 83886080 512-byte logical blocks: (42.9 GB/40.0 GiB)
[   10.841169] sd 2:0:0:0: [sda] Write Protect is off
[   10.855551] sd 2:0:0:0: [sda] Incomplete mode parameter data
[   10.867803] sd 2:0:0:0: [sda] Assuming drive cache: write through
[   10.892852] sd 2:0:0:0: Attached scsi generic sg0 type 0
[   10.909003]  sda: sda1
[   10.917266] sd 2:0:1:0: Attached scsi generic sg1 type 0
[   10.934703] sd 2:0:1:0: [sdb] 20480 512-byte logical blocks: (10.5 MB/10.0 MiB)
[   10.938704] sd 2:0:0:0: [sda] Attached SCSI disk
[   10.964843] sd 2:0:1:0: [sdb] Write Protect is off
[   10.980308] sd 2:0:1:0: [sdb] Incomplete mode parameter data
[   10.995520] sd 2:0:1:0: [sdb] Assuming drive cache: write through
[   11.031951] sd 2:0:1:0: [sdb] Attached SCSI disk
Begin: Loading essential drivers ... [   15.085937] raid6: sse2x1   gen() 126233 MB/s
[   16.085142] raid6: sse2x1   xor() 74270 MB/s
[   18.093859] raid6: sse2x2   gen() 168489 MB/s
[   19.086439] raid6: sse2x2   xor() 114461 MB/s
[   20.091688] raid6: sse2x4   gen() 228574 MB/s
[   20.164246] raid6: sse2x4   xor()  5427 MB/s
[   20.177339] raid6: using algorithm sse2x4 gen() 228574 MB/s
[   20.192872] raid6: .... xor() 5427 MB/s, rmw enabled
[   20.208665] raid6: using ssse3x2 recovery algorithm
[   20.230203] xor: measuring software checksum speed
[   20.280485]    prefetch64-sse:  9335.000 MB/sec
[   20.328734]    generic_sse:  9849.000 MB/sec
[   20.339625] xor: using function: generic_sse (9849.000 MB/sec)
[   20.358532] async_tx: api initialized (async)
done.
Begin: Running /scripts/init-premount ... done.
Begin: Mounting root file system ... Begin: Running /scripts/local-top ... done.
Begin: Running /scripts/local-premount ... [   20.572112] Btrfs loaded, crc32c=crc32c-intel
Scanning for Btrfs filesystems
done.
Begin: Will now check root file system ... fsck from util-linux 2.31.1
[/sbin/fsck.ext4 (1) -- /dev/sda1] fsck.ext4 -a -C0 /dev/sda1 
cloudimg-rootfs: recovering journal
cloudimg-rootfs: Clearing orphaned inode 29381 (uid=126, gid=130, mode=0100600, size=0)
cloudimg-rootfs: Clearing orphaned inode 1770 (uid=126, gid=130, mode=0100600, size=0)
cloudimg-rootfs: Clearing orphaned inode 1386 (uid=126, gid=130, mode=0100600, size=0)
cloudimg-rootfs: Clearing orphaned inode 284 (uid=126, gid=130, mode=0100600, size=0)
cloudimg-rootfs: Clearing orphaned inode 261 (uid=126, gid=130, mode=0100600, size=0)
cloudimg-rootfs: Clearing orphaned inode 2243 (uid=0, gid=0, mode=0100644, size=64144)
cloudimg-rootfs: clean, 153913/5120000 files, 1542196/10485499 blocks
done.
[   21.754753] EXT4-fs (sda1): mounted filesystem with ordered data mode. Opts: (null)
done.
Begin: Running /scripts/local-bottom ... done.
Begin: Running /scripts/init-bottom ... done.
[   22.314196] ip_tables: (C) 2000-2006 Netfilter Core Team
[   22.373287] systemd[1]: systemd 237 running in system mode. (+PAM +AUDIT +SELINUX +IMA +APPARMOR +SMACK +SYSVINIT +UTMP +LIBCRYPTSETUP +GCRYPT +GNUTLS +ACL +XZ +LZ4 +SECCOMP +BLKID +ELFUTILS +KMOD -IDN2 +IDN -PCRE2 default-hierarchy=hybrid)
[   22.421731] systemd[1]: Detected virtualization oracle.
[   22.433944] systemd[1]: Detected architecture x86-64.

Welcome to [1mUbuntu 18.04.6 LTS[0m!

[   22.520182] systemd[1]: Set hostname to <desktop-for-tests>.
[   23.403780] systemd[1]: Reached target System Time Synchronized.
[[0;32m  OK  [0m] Reached target System Time Synchronized.
[   23.431387] systemd[1]: Started Forward Password Requests to Wall Directory Watch.
[[0;32m  OK  [0m] Started Forward Password Requests to Wall Directory Watch.
[   23.459317] systemd[1]: Set up automount Arbitrary Executable File Formats File System Automount Point.
[[0;32m  OK  [0m] Set up automount Arbitrary Executab…rmats File System Automount Point.
[   23.525531] systemd[1]: Created slice User and Session Slice.
[[0;32m  OK  [0m] Created slice User and Session Slice.
[   23.548219] systemd[1]: Created slice System Slice.
[[0;32m  OK  [0m] Created slice System Slice.
[   23.567278] systemd[1]: Listening on udev Kernel Socket.
[[0;32m  OK  [0m] Listening on udev Kernel Socket.
[[0;32m  OK  [0m] Listening on Network Service Netlink Socket.
[[0;32m  OK  [0m] Created slice system-serial\x2dgetty.slice.
[[0;32m  OK  [0m] Listening on /dev/initctl Compatibility Named Pipe.
[[0;32m  OK  [0m] Listening on Device-mapper event daemon FIFOs.
[[0;32m  OK  [0m] Reached target Slices.
[[0;32m  OK  [0m] Listening on Journal Audit Socket.
[[0;32m  OK  [0m] Listening on fsck to fsckd communication Socket.
[[0;32m  OK  [0m] Reached target User and Group Name Lookups.
[[0;32m  OK  [0m] Listening on Syslog Socket.
[[0;32m  OK  [0m] Reached target Mounting snaps.
[[0;32m  OK  [0m] Reached target Mounted snaps.
[[0;32m  OK  [0m] Reached target Swap.
[[0;32m  OK  [0m] Listening on LVM2 poll daemon socket.
[[0;32m  OK  [0m] Listening on udev Control Socket.
[[0;32m  OK  [0m] Listening on LVM2 metadata daemon socket.
[[0;32m  OK  [0m] Listening on Journal Socket (/dev/log).
[[0;32m  OK  [0m] Listening on Journal Socket.
         Mounting Huge Pages File System...
         Starting Monitoring of LVM2 mirrors…ng dmeventd or progress polling...
         Starting Load Kernel Modules...
         Starting Remount Root and Kernel File Systems...
         Starting Create list of required st…ce nodes for the current kernel...
         Starting Set the console keyboard layout...
         Starting Journal Service...
         [   23.876660] lp: driver loaded but no devices found
Starting Uncomplicated firewall.[   23.890784] EXT4-fs (sda1): re-mounted. Opts: (null)
..
         Mounting POSIX Message Queue File System...
         Starting udev Coldplug all Devices...
         Mounting Kernel Debug File System...
[[0;32m  OK  [0m] Mounted Huge Pages File System.
[[0;32m  OK  [0m] Started Remount Root and Kernel File Systems.[   24.009227] ppdev: user-space parallel port driver

[[0;32m  OK  [0m] Started Create list of required sta…vice nodes for the current kernel.
[[0;32m  OK  [0m] Started Uncomplicated firewall.
[[0;32m  OK  [0m] Mounted POSIX Message Queue File System.
[[0;32m  OK  [0m] Mounted Kernel Debug File System.
[[0;32m  OK  [0m] Started LVM2 metadata daemon.
         Starting Create Static Device Nodes in /dev...
[   24.151856] Loading iSCSI transport class v2.0-870.
         Starting Load/Save Random Seed...
[[0;32m  OK  [0m] Started Journal Service.
[[0;32m  OK  [0m] Started udev Coldplug all Devices.
[[0;32m  OK  [0m] Started Create Static Device Nodes in /dev.
[[   24.301138] iscsi: registered transport (tcp)
[0;32m  OK  [0m] Started Monitoring of LVM2 mirrors,…sing dmeventd or progress polling.
[[0;32m  OK  [0m] Started Set the console keyboard layout.
[[0;32m  OK  [0m] Started Load/Save Random Seed.
         Starting udev Kernel Device Manager...
[[0;32m  OK  [0m] Reached target Local File Systems (Pre).
[[0;32m  OK  [0m] Reached target Local File Systems.
         Startin[   24.391132] iscsi: registered transport (iser)
g AppArmor initialization...
         Starting Tell Plymouth To Write Out Runtime Data...
         Starting Clean up any mess left by 0dns-up...
         Starting Set console font and keymap...
         Starting ebtables ruleset management...
         Starting Flush Journal to Persistent Storage...
[[0;32m  OK  [0m] Started Load Kernel Modules.
[[0;32m  OK  [0m] Started Tell Plymouth To Write Out Runtime Data.
[[0;32m  OK  [0m] Started Set console font and keymap.
[[0;32m  OK  [0m] Started udev Kernel Device Manager.
[   24.757392] systemd-journald[416]: Received request to flush runtime journal from PID 1
[[0;32m  OK  [0m] Started Dispatch Password Requests to Console Directory Watch.
[[0;32m  OK  [0m] Reached target Local Encrypted Volumes.
         Mounting FUSE Control File System...
         Mounting Kernel Configuration File System...
         Starting Apply Kernel Variables...
[[0;32m  OK  [0m] Started Clean up any mess left by 0dns-up.
[[0;32m  OK  [0m] Mounted FUSE Control File System.
[[0;32m  OK  [0m] Mounted Kernel Configuration File System.
[[0;32m  OK  [0m] Started ebtables ruleset management.
[[0;32m  OK  [0m] Started Apply Kernel Variables.
[[0;32m  OK  [0m] Started Flush Journal to Persistent Storage.
         Starting Create Volatile Files and Directories...
[[0;32m  OK  [0m] Started Create Volatile Files and Directories.
         Starting Update UTMP about System Boot/Shutdown...
[[0;32m  OK  [0m] Started Update UTMP about System Boot/Shutdown.
[[0;32m  OK  [0m] Found device /dev/ttyS0.
[[0;32m  OK  [0m] Started AppArmor initialization.
         Starting Load AppArmor profiles managed internally by snapd...
         Starting Initial cloud-init job (pre-networking)...
[[0;32m  OK  [0m] Listening on Load/Save RF Kill Switch Status /dev/rfkill Watch.
         Mounting Arbitrary Executable File Formats File System...
[[0;32m  OK  [0m] Mounted Arbitrary Executable File Formats File System.
[[0;32m  OK  [0m] Started Load AppArmor profiles managed internally by snapd.
[   29.666245] cloud-init[581]: Cloud-init v. 23.1.2-0ubuntu0~18.04.1 running 'init-local' at Wed, 03 Jul 2024 04:57:53 +0000. Up 29.32 seconds.
[[0;32m  OK  [0m] Started Initial cloud-init job (pre-networking).
[[0;32m  OK  [0m] Reached target Network (Pre).
         Starting Network Service...
         Starting Raise network interfaces...
[[0;32m  OK  [0m] Started Network Service.
         Starting Wait for Network to be Configured...
         Starting Network Name Resolution...
[[0;32m  OK  [0m] Started Network Name Resolution.
[[0;32m  OK  [0m] Reached target Host and Network Name Lookups.
[[0;32m  OK  [0m] Started Raise network interfaces.
[[0;32m  OK  [0m] Started Wait for Network to be Configured.
         Starting Initial cloud-init job (metadata service crawler)...
[   32.673710] cloud-init[820]: Cloud-init v. 23.1.2-0ubuntu0~18.04.1 running 'init' at Wed, 03 Jul 2024 04:57:57 +0000. Up 32.41 seconds.
[   32.683709] cloud-init[820]: ci-info: ++++++++++++++++++++++++++++++++++++++Net device info++++++++++++++++++++++++++++++++++++++
[   32.692905] cloud-init[820]: ci-info: +--------+------+----------------------------+---------------+--------+-------------------+
[   32.702533] cloud-init[820]: ci-info: | Device |  Up  |          Address           |      Mask     | Scope  |     Hw-Address    |
[   32.713661] cloud-init[820]: ci-info: +--------+------+----------------------------+---------------+--------+-------------------+
[   32.723028] cloud-init[820]: ci-info: | enp0s3 | True |         10.0.2.15          | 255.255.255.0 | global | 02:3b:7b:b7:3b:2d |
[   32.732517] cloud-init[820]: ci-info: | enp0s3 | True | fe80::3b:7bff:feb7:3b2d/64 |       .       |  link  | 02:3b:7b:b7:3b:2d |
[   32.741554] cloud-init[820]: ci-info: |   lo   | True |         127.0.0.1          |   255.0.0.0   |  host  |         .         |
[   32.750772] cloud-init[820]: ci-info: |   lo   | True |          ::1/128           |       .       |  host  |         .         |
[   32.760443] cloud-init[820]: ci-info: +--------+------+----------------------------+---------------+--------+-------------------+
[   32.770514] cloud-init[820]: ci-info: ++++++++++++++++++++++++++++Route IPv4 info+++++++++++++++++++++++++++++
[   32.778952] cloud-init[820]: ci-info: +-------+-------------+----------+-----------------+-----------+-------+
[   32.787326] cloud-init[820]: ci-info: | Route | Destination | Gateway  |     Genmask     | Interface | Flags |
[   32.795533] cloud-init[820]: ci-info: +-------+-------------+----------+-----------------+-----------+-------+
[   32.804515] cloud-init[820]: ci-info: |   0   |   0.0.0.0   | 10.0.2.2 |     0.0.0.0     |   enp0s3  |   UG  |
[   32.813475] cloud-init[820]: ci-info: |   1   |   10.0.2.0  | 0.0.0.0  |  255.255.255.0  |   enp0s3  |   U   |
[   32.822028] cloud-init[820]: ci-info: |   2   |   10.0.2.2  | 0.0.0.0  | 255.255.255.255 |   enp0s3  |   UH  |
[   32.829885] cloud-init[820]: ci-info: +-------+-------------+----------+-----------------+-----------+-------+
[   32.837837] cloud-init[820]: ci-info: +++++++++++++++++++Route IPv6 info+++++++++++++++++++
[   32.844917] cloud-init[820]: ci-info: +-------+-------------+---------+-----------+-------+
[   32.852002] cloud-init[820]: ci-info: | Route | Destination | Gateway | Interface | Flags |
[   32.859151] cloud-init[820]: ci-info: +-------+-------------+---------+-----------+-------+
[   32.867458] cloud-init[820]: ci-info: |   1   |  fe80::/64  |    ::   |   enp0s3  |   U   |
[   32.874088] cloud-init[820]: ci-info: |   3   |    local    |    ::   |   enp0s3  |   U   |
[   32.881180] cloud-init[820]: ci-info: |   4   |   ff00::/8  |    ::   |   enp0s3  |   U   |
[   32.888337] cloud-init[820]: ci-info: +-------+-------------+---------+-----------+-------+
[[0;32m  OK  [0m] Started Initial cloud-init job (metadata service crawler).
[[0;32m  OK  [0m] Reached target Cloud-config availability.
[[0;32m  OK  [0m] Reached target System Initialization.
[[0;32m  OK  [0m] Listening on ACPID Listen Socket.
[[0;32m  OK  [0m] Started Daily Cleanup of Temporary Directories.
[[0;32m  OK  [0m] Started CUPS Scheduler.
[[0;32m  OK  [0m] Started Trigger anacron every hour.
[[0;32m  OK  [0m] Started Discard unused blocks once a week.
[[0;32m  OK  [0m] Listening on D-Bus System Message Bus Socket.
         Starting Socket activation for snappy daemon.
[[0;32m  OK  [0m] Listening on Open-iSCSI iscsid Socket.
[[0;32m  OK  [0m] Listening on cloud-init hotplug hook socket.
[[0;32m  OK  [0m] Listening on CUPS Scheduler.
[[0;32m  OK  [0m] Started Daily apt download activities.
[[0;32m  OK  [0m] Started Daily apt upgrade and clean activities.
[[0;32m  OK  [0m] Started ACPI Events Check.
[[0;32m  OK  [0m] Reached target Paths.
[[0;32m  OK  [0m] Started Message of the Day.
[[0;32m  OK  [0m] Listening on Avahi mDNS/DNS-SD Stack Activation Socket.
[[0;32m  OK  [0m] Reached target Timers.
[[0;32m  OK  [0m] Listening on UUID daemon activation socket.
         Starting LXD - unix socket.
[[0;32m  OK  [0m] Listening on Socket activation for snappy daemon.
[[0;32m  OK  [0m] Listening on LXD - unix socket.
[[0;32m  OK  [0m] Reached target Sockets.
[[0;32m  OK  [0m] Reached target Basic System.
         Starting Login Service...
         Starting LXD - container startup/shutdown...
[[0;32m  OK  [0m] Started ACPI event daemon.
         Starting Detect the available GPUs and deal with any system changes...
         Starting LSB: Record successful boot for GRUB...
         Starting Avahi mDNS/DNS-SD Stack...
[[0;32m  OK  [0m] Started Deferred execution scheduler.
         Starting Accounts Service...
[[0;32m  OK  [0m] Reached target Login Prompts (Pre).
         Starting Modem Manager...
         Starting Disk Manager...
[[0;32m  OK  [0m] Started irqbalance daemon.
[[0;32m  OK  [0m] Started Regular background program processing daemon.
[[0;32m  OK  [0m] Started FUSE filesystem for LXC.
[[0;32m  OK  [0m] Started D-Bus System Message Bus.
[[0;32m  OK  [0m] Started Login Service.
         Starting WPA supplicant...
[[0;32m  OK  [0m] Started Run anacron jobs.
         Starting Dispatcher daemon for systemd-networkd...
         Starting System Logging Service...
[[0;32m  OK  [0m] Started CUPS Scheduler.
         Starting Virtualbox guest utils...
         Starting Network Manager...
         Starting Restore /etc/resolv.conf i…fore the ppp link was shut down...
         Starting Snap Daemon...
[[0;32m  OK  [0m] Started System Logging Service.
[[0;32m  OK  [0m] Started LXD - container startup/shutdown.
[[0;32m  OK  [0m] Started Detect the available GPUs and deal with any system changes.
[[0;32m  OK  [0m] Started Restore /etc/resolv.conf if…before the ppp link was shut down.
[[0;32m  OK  [0m] Started Avahi mDNS/DNS-SD Stack.
[[0;32m  OK  [0m] Started WPA supplicant.
         Starting Authorization Manager...
[[0;32m  OK  [0m] Started Make remote CUPS printers available locally.
[[0;32m  OK  [0m] Started Authorization Manager.
[[0;32m  OK  [0m] Started Accounts Service.
[[0;32m  OK  [0m] Started LSB: Record successful boot for GRUB.
[[0;32m  OK  [0m] Started Disk Manager.
[[0;32m  OK  [0m] Started Modem Manager.
         Starting Hostname Service...
[[0;32m  OK  [0m] Started Virtualbox guest utils.
[[0;32m  OK  [0m] Started Dispatcher daemon for systemd-networkd.
[[0;32m  OK  [0m] Started Hostname Service.
[[0;32m  OK  [0m] Started Network Manager.
         Starting Network Manager Wait Online...
[[0;32m  OK  [0m] Reached target Network.
         Starting MySQL Community Server...
[[0;32m  OK  [0m] Started Unattended Upgrades Shutdown.
         Starting Network Manager Script Dispatcher Service...
[[0;32m  OK  [0m] Started Network Manager Script Dispatcher Service.
[[0;32m  OK  [0m] Started Network Manager Wait Online.
[[0;32m  OK  [0m] Reached target Network is Online.
[[0;32m  OK  [0m] Reached target Remote File Systems (Pre).
         Mounting /vagrant...
         Starting Availability of block devices...
[[0;32m  OK  [0m] Started crash report submission daemon.
         Starting OpenBSD Secure Shell server...
[[0;32m  OK  [0m] Mounted /vagrant.
[[0;32m  OK  [0m] Started Availability of block devices.
[[0;32m  OK  [0m] Reached target Remote File Systems.
         Starting LSB: automatic crash report generation...
         Starting Permit User Sessions...
         Starting LSB: Speech Dispatcher...
         Starting Tool to automatically coll… submit kernel crash signatures...
[[0;32m  OK  [0m] Started Permit User Sessions.
         Starting GNOME Display Manager...
         Starting Hold until boot process finishes up...
[[0;32m  OK  [0m] Started LSB: Speech Dispatcher.
[[0;32m  OK  [0m] Started Hold until boot process finishes up.
         Starting Set console scheme...
[[0;32m  OK  [0m] Started Serial Getty on ttyS0.
[[0;32m  OK  [0m] Reached target Login Prompts.
[[0;32m  OK  [0m] Started Set console scheme.
[[0;32m  OK  [0m] Created slice system-getty.slice.
[[0;32m  OK  [0m] Started Tool to automatically colle…nd submit kernel crash signatures.
[[0;32m  OK  [0m] Started OpenBSD Secure Shell server.
[[0;32m  OK  [0m] Started LSB: automatic crash report generation.
[[0;32m  OK  [0m] Started GNOME Display Manager.
[[0;32m  OK  [0m] Started Snap Daemon.
         Starting Wait until snapd is fully seeded...
         Starting Time & Date Service...
[[0;32m  OK  [0m] Started Time & Date Service.
[[0;32m  OK  [0m] Created slice User Slice of gdm.
         Starting User Manager for UID 125...
[[0;32m  OK  [0m] Started Session c1 of user gdm.
[[0;32m  OK  [0m] Started Wait until snapd is fully seeded.
         Starting Apply the settings specified in cloud-config...
[[0;32m  OK  [0m] Started User Manager for UID 125.
[   43.269970] cloud-init[1380]: Cloud-init v. 23.1.2-0ubuntu0~18.04.1 running 'modules:config' at Wed, 03 Jul 2024 04:58:07 +0000. Up 42.86 seconds.
[[0;32m  OK  [0m] Started Apply the settings specified in cloud-config.

Ubuntu 18.04.6 LTS desktop-for-tests ttyS0

desktop-for-tests login: [   46.451290] cloud-init[1496]: Cloud-init v. 23.1.2-0ubuntu0~18.04.1 running 'modules:final' at Wed, 03 Jul 2024 04:58:10 +0000. Up 46.02 seconds.
[   46.479919] cloud-init[1496]: Cloud-init v. 23.1.2-0ubuntu0~18.04.1 finished at Wed, 03 Jul 2024 04:58:11 +0000. Datasource DataSourceNoCloud [seed=/dev/sdb][dsmode=net].  Up 46.39 seconds
[  284.436127] [drm:drm_crtc_helper_set_config [drm_kms_helper]] *ERROR* failed to set mode on [CRTC:29:crtc-0]
[  284.483007] [drm:drm_crtc_helper_set_config [drm_kms_helper]] *ERROR* failed to set mode on [CRTC:29:crtc-0]
[  284.526350] [drm:drm_crtc_helper_set_config [drm_kms_helper]] *ERROR* failed to set mode on [CRTC:29:crtc-0]
[  284.558322] [drm:drm_crtc_helper_set_config [drm_kms_helper]] *ERROR* failed to set mode on [CRTC:29:crtc-0]
[  284.565784] [drm:drm_crtc_helper_set_config [drm_kms_helper]] *ERROR* failed to set mode on [CRTC:29:crtc-0]
[  284.572047] [drm:drm_crtc_helper_set_config [drm_kms_helper]] *ERROR* failed to set mode on [CRTC:29:crtc-0]
[  284.579338] [drm:drm_crtc_helper_set_config [drm_kms_helper]] *ERROR* failed to set mode on [CRTC:29:crtc-0]
[  284.585937] [drm:drm_crtc_helper_set_config [drm_kms_helper]] *ERROR* failed to set mode on [CRTC:29:crtc-0]
[  284.593265] [drm:drm_crtc_helper_set_config [drm_kms_helper]] *ERROR* failed to set mode on [CRTC:29:crtc-0]
[  284.601439] [drm:drm_crtc_helper_set_config [drm_kms_helper]] *ERROR* failed to set mode on [CRTC:29:crtc-0]
[  284.607825] [drm:drm_crtc_helper_set_config [drm_kms_helper]] *ERROR* failed to set mode on [CRTC:29:crtc-0]
[  284.613670] [drm:drm_crtc_helper_set_config [drm_kms_helper]] *ERROR* failed to set mode on [CRTC:29:crtc-0]
[  284.619777] [drm:drm_crtc_helper_set_config [drm_kms_helper]] *ERROR* failed to set mode on [CRTC:29:crtc-0]
[  284.627120] [drm:drm_crtc_helper_set_config [drm_kms_helper]] *ERROR* failed to set mode on [CRTC:29:crtc-0]
[  284.633433] [drm:drm_crtc_helper_set_config [drm_kms_helper]] *ERROR* failed to set mode on [CRTC:29:crtc-0]
[  284.639328] [drm:drm_crtc_helper_set_config [drm_kms_helper]] *ERROR* failed to set mode on [CRTC:29:crtc-0]
[  284.645431] [drm:drm_crtc_helper_set_config [drm_kms_helper]] *ERROR* failed to set mode on [CRTC:29:crtc-0]
[  284.651822] [drm:drm_crtc_helper_set_config [drm_kms_helper]] *ERROR* failed to set mode on [CRTC:29:crtc-0]
[  284.657981] [drm:drm_crtc_helper_set_config [drm_kms_helper]] *ERROR* failed to set mode on [CRTC:29:crtc-0]
[  284.665385] [drm:drm_crtc_helper_set_config [drm_kms_helper]] *ERROR* failed to set mode on [CRTC:29:crtc-0]
[  284.671514] [drm:drm_crtc_helper_set_config [drm_kms_helper]] *ERROR* failed to set mode on [CRTC:29:crtc-0]
[  284.678130] [drm:drm_crtc_helper_set_config [drm_kms_helper]] *ERROR* failed to set mode on [CRTC:29:crtc-0]
[  284.685368] [drm:drm_crtc_helper_set_config [drm_kms_helper]] *ERROR* failed to set mode on [CRTC:29:crtc-0]
[  284.691335] [drm:drm_crtc_helper_set_config [drm_kms_helper]] *ERROR* failed to set mode on [CRTC:29:crtc-0]
[  284.697265] [drm:drm_crtc_helper_set_config [drm_kms_helper]] *ERROR* failed to set mode on [CRTC:29:crtc-0]
[  284.703276] [drm:drm_crtc_helper_set_config [drm_kms_helper]] *ERROR* failed to set mode on [CRTC:29:crtc-0]
[  284.708979] [drm:drm_crtc_helper_set_config [drm_kms_helper]] *ERROR* failed to set mode on [CRTC:29:crtc-0]
[  284.718566] [drm:drm_crtc_helper_set_config [drm_kms_helper]] *ERROR* failed to set mode on [CRTC:29:crtc-0]
[  284.732215] [drm:drm_crtc_helper_set_config [drm_kms_helper]] *ERROR* failed to set mode on [CRTC:29:crtc-0]
[  284.745732] [drm:drm_crtc_helper_set_config [drm_kms_helper]] *ERROR* failed to set mode on [CRTC:29:crtc-0]
[  284.752382] [drm:drm_crtc_helper_set_config [drm_kms_helper]] *ERROR* failed to set mode on [CRTC:29:crtc-0]
[  284.758835] [drm:drm_crtc_helper_set_config [drm_kms_helper]] *ERROR* failed to set mode on [CRTC:29:crtc-0]
[  284.764882] [drm:drm_crtc_helper_set_config [drm_kms_helper]] *ERROR* failed to set mode on [CRTC:29:crtc-0]
[  284.771116] [drm:drm_crtc_helper_set_config [drm_kms_helper]] *ERROR* failed to set mode on [CRTC:29:crtc-0]
[  284.778818] [drm:drm_crtc_helper_set_config [drm_kms_helper]] *ERROR* failed to set mode on [CRTC:29:crtc-0]
[  284.788803] [drm:drm_crtc_helper_set_config [drm_kms_helper]] *ERROR* failed to set mode on [CRTC:29:crtc-0]
[  284.799510] [drm:drm_crtc_helper_set_config [drm_kms_helper]] *ERROR* failed to set mode on [CRTC:29:crtc-0]
[  284.805402] [drm:drm_crtc_helper_set_config [drm_kms_helper]] *ERROR* failed to set mode on [CRTC:29:crtc-0]
[  284.811946] [drm:drm_crtc_helper_set_config [drm_kms_helper]] *ERROR* failed to set mode on [CRTC:29:crtc-0]
[  284.839152] [drm:drm_crtc_helper_set_config [drm_kms_helper]] *ERROR* failed to set mode on [CRTC:29:crtc-0]
[  284.862566] [drm:drm_crtc_helper_set_config [drm_kms_helper]] *ERROR* failed to set mode on [CRTC:29:crtc-0]
[  284.868403] [drm:drm_crtc_helper_set_config [drm_kms_helper]] *ERROR* failed to set mode on [CRTC:29:crtc-0]
[  284.891977] [drm:drm_crtc_helper_set_config [drm_kms_helper]] *ERROR* failed to set mode on [CRTC:29:crtc-0]
[  284.897922] [drm:drm_crtc_helper_set_config [drm_kms_helper]] *ERROR* failed to set mode on [CRTC:29:crtc-0]
[  284.923272] [drm:drm_crtc_helper_set_config [drm_kms_helper]] *ERROR* failed to set mode on [CRTC:29:crtc-0]
[  284.945898] [drm:drm_crtc_helper_set_config [drm_kms_helper]] *ERROR* failed to set mode on [CRTC:29:crtc-0]
[  284.969185] [drm:drm_crtc_helper_set_config [drm_kms_helper]] *ERROR* failed to set mode on [CRTC:29:crtc-0]
[  284.991770] [drm:drm_crtc_helper_set_config [drm_kms_helper]] *ERROR* failed to set mode on [CRTC:29:crtc-0]
[  284.997576] [drm:drm_crtc_helper_set_config [drm_kms_helper]] *ERROR* failed to set mode on [CRTC:29:crtc-0]
[  285.020139] [drm:drm_crtc_helper_set_config [drm_kms_helper]] *ERROR* failed to set mode on [CRTC:29:crtc-0]
[  285.027282] [drm:drm_crtc_helper_set_config [drm_kms_helper]] *ERROR* failed to set mode on [CRTC:29:crtc-0]
[  285.053723] [drm:drm_crtc_helper_set_config [drm_kms_helper]] *ERROR* failed to set mode on [CRTC:29:crtc-0]
[  285.080331] [drm:drm_crtc_helper_set_config [drm_kms_helper]] *ERROR* failed to set mode on [CRTC:29:crtc-0]
[  285.128710] [drm:drm_crtc_helper_set_config [drm_kms_helper]] *ERROR* failed to set mode on [CRTC:29:crtc-0]
[  285.170249] [drm:drm_crtc_helper_set_config [drm_kms_helper]] *ERROR* failed to set mode on [CRTC:29:crtc-0]
[  285.179001] [drm:drm_crtc_helper_set_config [drm_kms_helper]] *ERROR* failed to set mode on [CRTC:29:crtc-0]
[  285.269605] [drm:drm_crtc_helper_set_config [drm_kms_helper]] *ERROR* failed to set mode on [CRTC:29:crtc-0]
[  285.346872] [drm:drm_crtc_helper_set_config [drm_kms_helper]] *ERROR* failed to set mode on [CRTC:29:crtc-0]
[  287.198599] [drm:drm_crtc_helper_set_config [drm_kms_helper]] *ERROR* failed to set mode on [CRTC:29:crtc-0]
[  288.190430] [drm:drm_crtc_helper_set_config [drm_kms_helper]] *ERROR* failed to set mode on [CRTC:29:crtc-0]
[  288.379361] [drm:drm_crtc_helper_set_config [drm_kms_helper]] *ERROR* failed to set mode on [CRTC:29:crtc-0]
[  288.620996] [drm:drm_crtc_helper_set_config [drm_kms_helper]] *ERROR* failed to set mode on [CRTC:29:crtc-0]
[  288.716476] [drm:drm_crtc_helper_set_config [drm_kms_helper]] *ERROR* failed to set mode on [CRTC:29:crtc-0]
[  289.216711] [drm:drm_crtc_helper_set_config [drm_kms_helper]] *ERROR* failed to set mode on [CRTC:29:crtc-0]
[  289.355220] [drm:drm_crtc_helper_set_config [drm_kms_helper]] *ERROR* failed to set mode on [CRTC:29:crtc-0]
[  289.855022] [drm:drm_crtc_helper_set_config [drm_kms_helper]] *ERROR* failed to set mode on [CRTC:29:crtc-0]
[  289.896852] [drm:drm_crtc_helper_set_config [drm_kms_helper]] *ERROR* failed to set mode on [CRTC:29:crtc-0]
[  289.922657] [drm:drm_crtc_helper_set_config [drm_kms_helper]] *ERROR* failed to set mode on [CRTC:29:crtc-0]
[  289.966275] [drm:drm_crtc_helper_set_config [drm_kms_helper]] *ERROR* failed to set mode on [CRTC:29:crtc-0]
[  289.995623] [drm:drm_crtc_helper_set_config [drm_kms_helper]] *ERROR* failed to set mode on [CRTC:29:crtc-0]
[  290.037900] [drm:drm_crtc_helper_set_config [drm_kms_helper]] *ERROR* failed to set mode on [CRTC:29:crtc-0]
[  290.046504] [drm:drm_crtc_helper_set_config [drm_kms_helper]] *ERROR* failed to set mode on [CRTC:29:crtc-0]
[  290.089443] [drm:drm_crtc_helper_set_config [drm_kms_helper]] *ERROR* failed to set mode on [CRTC:29:crtc-0]
[  290.134012] [drm:drm_crtc_helper_set_config [drm_kms_helper]] *ERROR* failed to set mode on [CRTC:29:crtc-0]
[  295.014023] [drm:drm_crtc_helper_set_config [drm_kms_helper]] *ERROR* failed to set mode on [CRTC:29:crtc-0]
[  295.584328] [drm:drm_crtc_helper_set_config [drm_kms_helper]] *ERROR* failed to set mode on [CRTC:29:crtc-0]
[  298.377579] [drm:drm_crtc_helper_set_config [drm_kms_helper]] *ERROR* failed to set mode on [CRTC:29:crtc-0]
[  298.628767] [drm:drm_crtc_helper_set_config [drm_kms_helper]] *ERROR* failed to set mode on [CRTC:29:crtc-0]
[  299.472570] [drm:drm_crtc_helper_set_config [drm_kms_helper]] *ERROR* failed to set mode on [CRTC:29:crtc-0]
[  299.705196] [drm:drm_crtc_helper_set_config [drm_kms_helper]] *ERROR* failed to set mode on [CRTC:29:crtc-0]
[  299.950935] [drm:drm_crtc_helper_set_config [drm_kms_helper]] *ERROR* failed to set mode on [CRTC:29:crtc-0]
[  300.460031] [drm:drm_crtc_helper_set_config [drm_kms_helper]] *ERROR* failed to set mode on [CRTC:29:crtc-0]
[  300.469320] [drm:drm_crtc_helper_set_config [drm_kms_helper]] *ERROR* failed to set mode on [CRTC:29:crtc-0]
[  301.429555] [drm:drm_crtc_helper_set_config [drm_kms_helper]] *ERROR* failed to set mode on [CRTC:29:crtc-0]
[  301.440635] [drm:drm_crtc_helper_set_config [drm_kms_helper]] *ERROR* failed to set mode on [CRTC:29:crtc-0]
[  301.484069] [drm:drm_crtc_helper_set_config [drm_kms_helper]] *ERROR* failed to set mode on [CRTC:29:crtc-0]
[  301.494928] [drm:drm_crtc_helper_set_config [drm_kms_helper]] *ERROR* failed to set mode on [CRTC:29:crtc-0]
